[LOG] System::create                           : Header version = 2.01.07. Current version = 2.01.07.
[LOG] Manager::init                            : maxchannels = 256 studioflags = 00000006 flags 00000000 extradriverdata 0000000000000000.
[LOG] SystemI::init                            : Initialize version=20107 (113487), maxchannels=256, flags=0x00020000
[LOG] SystemI::setOutputInternal               : Setting output to 'FMOD WASAPI Output'
[LOG] OutputWASAPI::init                       : Mix Format (WAVEFORMATEX): wFormatTag=0xFFFE, nChannels=8, nSamplesPerSec=48000, nAvgBytesPerSec=1536000, nBlockAlign=32, wBitsPerSample=32, cbSize=22.
[LOG] OutputWASAPI::init                       : Mix Format (WAVEFORMATEXTENSIBLE): wValidBitsPerSample=32, dwChannelMask=0x0000063F, SubFormat=00000003-0000-0010-8000-00AA00389B71.
[LOG] OutputWASAPI::init                       : Output buffer size: 4096 samples, latency: 0.00ms, period: 10.00ms, DSP buffer: 1024 * 4
[LOG] DownMix::init                            : dspbuffersize: 1024  rate: 48000. output speaker mode: 7, input speaker mode 3
[LOG] DownMix::init                            : done.
[LOG] Thread::initThread                       : Init FMOD stream thread. Affinity: 0x8000000000000003, Priority: 0xFFFF7FFB, Stack Size: 98304, Semaphore: No, Sleep Time: 10, Looping: Yes.
[LOG] Thread::initThread                       : Init FMOD mixer thread. Affinity: 0x8000000000000001, Priority: 0xFFFF7FFA, Stack Size: 81920, Semaphore: No, Sleep Time: 0, Looping: Yes.
[LOG] AsyncManager::init                       : manager 000001B1A8F8A828 isAsync 0 updatePeriod 0.02
[LOG] AsyncManager::init                       : done
[LOG] PlaybackSystem::init                     : 
[LOG] Thread::initThread                       : Init FMOD Studio sample load thread. Affinity: 0x8000000000000003, Priority: 0xFFFF7FFD, Stack Size: 98304, Semaphore: No, Sleep Time: 1, Looping: No.
[LOG] PlaybackSystem::init                     : done
[LOG] Thread::initThread                       : Init FMOD Studio bank load thread. Affinity: 0x8000000000000003, Priority: 0xFFFF7FFD, Stack Size: 98304, Semaphore: No, Sleep Time: 1, Looping: No.
[LOG] Manager::init                            : done.
[LOG] Manager::readBank                        : fileversion = 135, compatVersion = 132 (oldest = 44, newest = 135)
[LOG] Manager::readBank                        : fileversion = 135, compatVersion = 132 (oldest = 44, newest = 135)
[LOG] Manager::readBank                        : fileversion = 135, compatVersion = 132 (oldest = 44, newest = 135)
[LOG] AsyncThread::threadFunc                  : Starting Asynchronous operation on sound 000001B1A0FC1708
[LOG] AsyncThread::threadFunc                  : Finished Asynchronous operation on sound 000001B1A0FC1708
[LOG] Manager::readBank                        : fileversion = 135, compatVersion = 132 (oldest = 44, newest = 135)
[LOG] SoundI::release                          : Machadinha (000001B1A0FBE108)
[LOG] SoundI::release                          :     Machadinha (000001AF24B09A68)
[LOG] SoundI::release                          :     Machadinha (000001B1A0FBAE68)
[LOG] SoundI::release                          : Guna2 (000001B1A0FBE2B8)
[LOG] SoundI::release                          :     Guna2 (000001AF20DE81F8)
[LOG] SoundI::release                          :     Guna2 (000001B1A0FC1708)
[LOG] SoundI::release                          : StraussII (000001B1A0FBA958)
[LOG] SoundI::release                          :     StraussII (000001AF20DEB2B8)
[LOG] SoundI::release                          :     StraussII (000001B1A0FBFDB8)
[LOG] SoundI::release                          :  (000001AF2AF528F8)
[LOG] SoundI::release                          :     ReceberDinheiro (000001AF20DEA758)
[LOG] SoundI::release                          :  (000001AF2AF542D8)
[LOG] SoundI::release                          :     Amanhecer (000001AF20DEA5B8)
[LOG] SoundI::release                          :  (000001AF2AF51928)
[LOG] SoundI::release                          :     Fap (000001AF25CE19D8)
[LOG] SoundI::release                          :  (000001AF2AF51648)
[LOG] SoundI::release                          :     InteraçãoOld (000001AF20DEC498)
[LOG] SoundI::release                          :  (000001AF2AF56838)
[LOG] SoundI::release                          :     SelecionarInteração (000001AF24B09DA8)
[LOG] SoundI::release                          :  (000001AF2AF511F8)
[LOG] SoundI::release                          :     MudarDeInteração (000001AF20DEB118)
[LOG] SoundI::release                          :  (000001AF2AF51A98)
[LOG] SoundI::release                          :     PerderDinheiro (000001AF20DE8058)
[LOG] SoundI::release                          :  (000001AF2AF52338)
[LOG] SoundI::release                          :     stepsound (000001AF24217658)
[LOG] SoundI::release                          :  (000001AF2AF53A38)
[LOG] SoundI::release                          :     Step1 (000001AF20DEC638)
[LOG] SoundI::release                          :  (000001AF2AF538C8)
[LOG] SoundI::release                          :     Step2 (000001AF20DE9098)
[LOG] SoundI::release                          :  (000001AF2AF56278)
[LOG] SoundI::release                          :     Step3 (000001AF246AC158)
[LOG] SoundI::release                          :  (000001AF2AF52618)
[LOG] SoundI::release                          :     Anoitecer (000001AF20DE8EF8)
[LOG] Thread::callback                         : FMOD Studio update thread finished.
[LOG] Thread::callback                         : FMOD Studio bank load thread finished.
[LOG] Profile::disconnectAll                   : Profiler disconnecting all clients
[LOG] Thread::callback                         : FMOD Studio sample load thread finished.
[LOG] LiveUpdate::release                      : 
[LOG] LiveUpdate::reset                        : Reset connection (reason Disconnected)
[LOG] Thread::callback                         : FMOD stream thread finished.
[LOG] Thread::callback                         : FMOD mixer thread finished.
[LOG] Profile::disconnectAll                   : Profiler disconnecting all clients
[LOG] SystemI::close                           : Closed.
[LOG] Manager::readBank                        : fileversion = 135, compatVersion = 132 (oldest = 44, newest = 135)
[LOG] Manager::readBank                        : fileversion = 135, compatVersion = 132 (oldest = 44, newest = 135)
[LOG] Manager::readBank                        : fileversion = 135, compatVersion = 132 (oldest = 44, newest = 135)
[LOG] Manager::readBank                        : fileversion = 135, compatVersion = 132 (oldest = 44, newest = 135)
[LOG] Manager::readBank                        : fileversion = 135, compatVersion = 132 (oldest = 44, newest = 135)
[LOG] Manager::readBank                        : fileversion = 135, compatVersion = 132 (oldest = 44, newest = 135)
[LOG] PlaybackSystem::acquireMasterBus         : Setting master channel group format to 3
